Using pre-set license
Built from '2020.3/staging' branch; Version is '2020.3.20f1 (41c4e627c95f) revision 4310246'; Using compiler version '192528614'; Build Type 'Release'
OS: 'Windows 10 Home; OS build 22000.318; Version 2009; 64bit' Language: 'zh' Physical Memory: 16229 MB
BatchMode: 1, IsHumanControllingUs: 0, StartBugReporterOnCrash: 0, Is64bit: 1, IsPro: 0

COMMAND LINE ARGUMENTS:
D:\Program Files\Unity\Hub\Editor\2020.3.20f1\Editor\Unity.exe
-adb2
-batchMode
-noUpm
-name
AssetImportWorker0
-projectPath
D:/GitHub/Unity2D_2/KG_2
-logFile
Logs/AssetImportWorker0.log
-srvPort
58507
Successfully changed project path to: D:/GitHub/Unity2D_2/KG_2
D:/GitHub/Unity2D_2/KG_2
Using Asset Import Pipeline V2.
Refreshing native plugins compatible for Editor in 36.75 ms, found 3 plugins.
Preloading 0 native plugins for Editor in 0.00 ms.
Initialize engine version: 2020.3.20f1 (41c4e627c95f)
[Subsystems] Discovering subsystems at path D:/Program Files/Unity/Hub/Editor/2020.3.20f1/Editor/Data/Resources/UnitySubsystems
[Subsystems] Discovering subsystems at path D:/GitHub/Unity2D_2/KG_2/Assets
GfxDevice: creating device client; threaded=0
Direct3D:
    Version:  Direct3D 11.0 [level 11.1]
    Renderer: NVIDIA GeForce GTX 1650 (ID=0x1f91)
    Vendor:   
    VRAM:     3962 MB
    Driver:   27.21.14.5709
Initialize mono
Mono path[0] = 'D:/Program Files/Unity/Hub/Editor/2020.3.20f1/Editor/Data/Managed'
Mono path[1] = 'D:/Program Files/Unity/Hub/Editor/2020.3.20f1/Editor/Data/MonoBleedingEdge/lib/mono/unityjit'
Mono config path = 'D:/Program Files/Unity/Hub/Editor/2020.3.20f1/Editor/Data/MonoBleedingEdge/etc'
Using monoOptions --debugger-agent=transport=dt_socket,embedding=1,server=y,suspend=n,address=127.0.0.1:56308
Begin MonoManager ReloadAssembly
Registering precompiled unity dll's ...
Register platform support module: D:/Program Files/Unity/Hub/Editor/2020.3.20f1/Editor/Data/PlaybackEngines/WebGLSupport/UnityEditor.WebGL.Extensions.dll
Register platform support module: D:/Program Files/Unity/Hub/Editor/2020.3.20f1/Editor/Data/PlaybackEngines/WindowsStandaloneSupport/UnityEditor.WindowsStandalone.Extensions.dll
Registered in 0.001190 seconds.
Native extension for WindowsStandalone target not found
Native extension for WebGL target not found
Refreshing native plugins compatible for Editor in 37.21 ms, found 3 plugins.
Preloading 0 native plugins for Editor in 0.00 ms.
Mono: successfully reloaded assembly
- Completed reload, in  1.623 seconds
Domain Reload Profiling:
	ReloadAssembly (1624ms)
		BeginReloadAssembly (51ms)
			ExecutionOrderSort (0ms)
			DisableScriptedObjects (0ms)
			BackupInstance (0ms)
			ReleaseScriptingObjects (0ms)
			CreateAndSetChildDomain (1ms)
		EndReloadAssembly (372ms)
			LoadAssemblies (50ms)
			RebuildTransferFunctionScriptingTraits (0ms)
			SetupTypeCache (136ms)
			ReleaseScriptCaches (0ms)
			RebuildScriptCaches (28ms)
			SetupLoadedEditorAssemblies (149ms)
				LogAssemblyErrors (0ms)
				InitializePlatformSupportModulesInManaged (4ms)
				SetLoadedEditorAssemblies (0ms)
				RefreshPlugins (37ms)
				BeforeProcessingInitializeOnLoad (15ms)
				ProcessInitializeOnLoadAttributes (68ms)
				ProcessInitializeOnLoadMethodAttributes (24ms)
				AfterProcessingInitializeOnLoad (0ms)
				EditorAssembliesLoaded (0ms)
			ExecutionOrderSort2 (0ms)
			AwakeInstancesAfterBackupRestoration (0ms)
Platform modules already initialized, skipping
Registering precompiled user dll's ...
Registered in 0.002255 seconds.
Begin MonoManager ReloadAssembly
Native extension for WindowsStandalone target not found
Native extension for WebGL target not found
Refreshing native plugins compatible for Editor in 36.57 ms, found 3 plugins.
Preloading 0 native plugins for Editor in 0.00 ms.
Mono: successfully reloaded assembly
- Completed reload, in  1.796 seconds
Domain Reload Profiling:
	ReloadAssembly (1797ms)
		BeginReloadAssembly (129ms)
			ExecutionOrderSort (0ms)
			DisableScriptedObjects (4ms)
			BackupInstance (0ms)
			ReleaseScriptingObjects (0ms)
			CreateAndSetChildDomain (16ms)
		EndReloadAssembly (1615ms)
			LoadAssemblies (879ms)
			RebuildTransferFunctionScriptingTraits (0ms)
			SetupTypeCache (262ms)
			ReleaseScriptCaches (0ms)
			RebuildScriptCaches (44ms)
			SetupLoadedEditorAssemblies (316ms)
				LogAssemblyErrors (0ms)
				InitializePlatformSupportModulesInManaged (4ms)
				SetLoadedEditorAssemblies (0ms)
				RefreshPlugins (37ms)
				BeforeProcessingInitializeOnLoad (63ms)
				ProcessInitializeOnLoadAttributes (198ms)
				ProcessInitializeOnLoadMethodAttributes (12ms)
				AfterProcessingInitializeOnLoad (2ms)
				EditorAssembliesLoaded (0ms)
			ExecutionOrderSort2 (0ms)
			AwakeInstancesAfterBackupRestoration (9ms)
Platform modules already initialized, skipping
========================================================================
Worker process is ready to serve import requests
Launched and connected shader compiler UnityShaderCompiler.exe after 0.04 seconds
Refreshing native plugins compatible for Editor in 0.40 ms, found 3 plugins.
Preloading 0 native plugins for Editor in 0.00 ms.
Unloading 2094 Unused Serialized files (Serialized files now loaded: 0)
System memory in use before: 93.1 MB.
System memory in use after: 93.2 MB.

Unloading 26 unused Assets to reduce memory usage. Loaded Objects now: 2533.
Total: 2.974300 ms (FindLiveObjects: 0.194000 ms CreateObjectMapping: 0.071600 ms MarkObjects: 2.649100 ms  DeleteObjects: 0.058800 ms)

AssetImportParameters requested are different than current active one (requested -> active):
  custom:framework-win-MediaFoundation: 216162199b28c13a410421893ffa2e32 -> 
  custom:video-decoder-ogg-theora: a1e56fd34408186e4bbccfd4996cb3dc -> 
  custom:container-muxer-webm: aa71ff27fc2769a1b78a27578f13a17b -> 
  custom:container-demuxer-webm: 4f35f7cbe854078d1ac9338744f61a02 -> 
  custom:container-demuxer-ogg: 62fdf1f143b41e24485cea50d1cbac27 -> 
  custom:video-encoder-webm-vp8: eb34c28f22e8b96e1ab97ce403110664 -> 
  custom:video-decoder-webm-vp8: 9c59270c3fd7afecdb556c50c9e8de78 -> 
  custom:audio-decoder-ogg-vorbis: bf7c407c2cedff20999df2af8eb42d56 -> 
  custom:audio-encoder-webm-vorbis: bf7c407c2cedff20999df2af8eb42d56 -> 
========================================================================
Received Import Request.
  path: Assets/Scenes
  artifactKey: Guid(77b77e36d82b83248b9fe247cb9736fa) Importer(815301076,1909f56bfc062723c751e8b465ee728b)
Start importing Assets/Scenes using Guid(77b77e36d82b83248b9fe247cb9736fa) Importer(815301076,1909f56bfc062723c751e8b465ee728b)  -> (artifact id: '4c64a280de5e15e3b828a1381b7ad8e7') in 0.008750 seconds 
  Import took 0.011436 seconds .

========================================================================
Received Import Request.
  Time since last request: 0.000249 seconds.
  path: Assets/Scenes/Sence1.unity
  artifactKey: Guid(6ee7e161123cfb74b92995ebff5a8835) Importer(815301076,1909f56bfc062723c751e8b465ee728b)
Start importing Assets/Scenes/Sence1.unity using Guid(6ee7e161123cfb74b92995ebff5a8835) Importer(815301076,1909f56bfc062723c751e8b465ee728b)  -> (artifact id: '88d8b38104433dd03826a1b7864591f4') in 0.011720 seconds 
  Import took 0.014485 seconds .

========================================================================
Received Import Request.
  Time since last request: 129.966520 seconds.
  path: Packages/com.unity.2d.animation
  artifactKey: Guid(bb5c94055a953b6081dfc49350569eb1) Importer(815301076,1909f56bfc062723c751e8b465ee728b)
Start importing Packages/com.unity.2d.animation using Guid(bb5c94055a953b6081dfc49350569eb1) Importer(815301076,1909f56bfc062723c751e8b465ee728b)  -> (artifact id: '09fa518512abe465e781a54efa05d46a') in 0.007352 seconds 
  Import took 0.010816 seconds .

========================================================================
Received Import Request.
  Time since last request: 0.148019 seconds.
  path: Packages/com.unity.2d.animation/package.json
  artifactKey: Guid(9e83c20a8293f44ec8a375d3805f477d) Importer(815301076,1909f56bfc062723c751e8b465ee728b)
Start importing Packages/com.unity.2d.animation/package.json using Guid(9e83c20a8293f44ec8a375d3805f477d) Importer(815301076,1909f56bfc062723c751e8b465ee728b)  -> (artifact id: '519ad1bf8fe5f847ba8bc5d602dfca65') in 0.027993 seconds 
  Import took 0.031148 seconds .

========================================================================
Received Import Request.
  Time since last request: 15.634513 seconds.
  path: Assets/調色盤/FloorBricksToGrassCorner.asset
  artifactKey: Guid(17b68cfcf540d064ea8edc0eeb89e3ee) Importer(815301076,1909f56bfc062723c751e8b465ee728b)
Start importing Assets/調色盤/FloorBricksToGrassCorner.asset using Guid(17b68cfcf540d064ea8edc0eeb89e3ee) Importer(815301076,1909f56bfc062723c751e8b465ee728b)  -> (artifact id: '7fb8e13b802308054febd95167a803dd') in 0.095721 seconds 
  Import took 0.099988 seconds .

========================================================================
Received Import Request.
  Time since last request: 0.000228 seconds.
  path: Assets/調色盤/FloorBricksToGrassCorner_6.asset
  artifactKey: Guid(5dcfb4483f607ae4d93275395b7b6283) Importer(815301076,1909f56bfc062723c751e8b465ee728b)
Start importing Assets/調色盤/FloorBricksToGrassCorner_6.asset using Guid(5dcfb4483f607ae4d93275395b7b6283) Importer(815301076,1909f56bfc062723c751e8b465ee728b)  -> (artifact id: 'cd74e8d487c409d2f59dcc4f3b1dba21') in 0.075126 seconds 
  Import took 0.078075 seconds .

========================================================================
Received Import Request.
  Time since last request: 0.000296 seconds.
  path: Assets/調色盤/FloorBricksToGrassCorner_0.asset
  artifactKey: Guid(a2bb3e45fc30bfd4f94dc1d4ca94a4c8) Importer(815301076,1909f56bfc062723c751e8b465ee728b)
Start importing Assets/調色盤/FloorBricksToGrassCorner_0.asset using Guid(a2bb3e45fc30bfd4f94dc1d4ca94a4c8) Importer(815301076,1909f56bfc062723c751e8b465ee728b)  -> (artifact id: '291a679b928d625af1b3c842344cc4fb') in 0.013140 seconds 
  Import took 0.016201 seconds .

========================================================================
Received Import Request.
  Time since last request: 0.000242 seconds.
  path: Assets/調色盤/FloorBricksToGrassCorner_4.asset
  artifactKey: Guid(781db59cfd4fd46468d983cd76fae162) Importer(815301076,1909f56bfc062723c751e8b465ee728b)
Start importing Assets/調色盤/FloorBricksToGrassCorner_4.asset using Guid(781db59cfd4fd46468d983cd76fae162) Importer(815301076,1909f56bfc062723c751e8b465ee728b)  -> (artifact id: 'b1f75da027be8834e0430a4a6885d16f') in 0.016320 seconds 
  Import took 0.019611 seconds .

========================================================================
Received Import Request.
  Time since last request: 0.000282 seconds.
  path: Assets/調色盤/FloorBricksToGrassCorner_3.asset
  artifactKey: Guid(03cee4cc30061f547b7035d0a5817c53) Importer(815301076,1909f56bfc062723c751e8b465ee728b)
Start importing Assets/調色盤/FloorBricksToGrassCorner_3.asset using Guid(03cee4cc30061f547b7035d0a5817c53) Importer(815301076,1909f56bfc062723c751e8b465ee728b)  -> (artifact id: '6e06a4ab508648acb2ebaf13276971a3') in 0.012381 seconds 
  Import took 0.015203 seconds .

========================================================================
Received Import Request.
  Time since last request: 0.000262 seconds.
  path: Assets/調色盤/FloorBricksToGrassCorner_1.asset
  artifactKey: Guid(5a60872f1fb6ae540b2356ca7a8f0975) Importer(815301076,1909f56bfc062723c751e8b465ee728b)
Start importing Assets/調色盤/FloorBricksToGrassCorner_1.asset using Guid(5a60872f1fb6ae540b2356ca7a8f0975) Importer(815301076,1909f56bfc062723c751e8b465ee728b)  -> (artifact id: '1276cecb234845a03bfc18d4c8a34796') in 0.012029 seconds 
  Import took 0.015065 seconds .

========================================================================
Received Import Request.
  Time since last request: 0.000247 seconds.
  path: Assets/調色盤/FloorBricksToGrassCorner_5.asset
  artifactKey: Guid(8de664eaabbb2dd4c8fe98e5bf335c05) Importer(815301076,1909f56bfc062723c751e8b465ee728b)
Start importing Assets/調色盤/FloorBricksToGrassCorner_5.asset using Guid(8de664eaabbb2dd4c8fe98e5bf335c05) Importer(815301076,1909f56bfc062723c751e8b465ee728b)  -> (artifact id: '031ad194b13c9088d4a7c8524f8c3fa5') in 0.011637 seconds 
  Import took 0.014983 seconds .

========================================================================
Received Import Request.
  Time since last request: 0.000270 seconds.
  path: Assets/調色盤/FloorBricksToGrassCorner_8.asset
  artifactKey: Guid(ab7adb024edf85040b3df09576ea7563) Importer(815301076,1909f56bfc062723c751e8b465ee728b)
Start importing Assets/調色盤/FloorBricksToGrassCorner_8.asset using Guid(ab7adb024edf85040b3df09576ea7563) Importer(815301076,1909f56bfc062723c751e8b465ee728b)  -> (artifact id: '35427ab4616e5818bd254edbdbcc91c9') in 0.012842 seconds 
  Import took 0.015950 seconds .

========================================================================
Received Import Request.
  Time since last request: 0.000280 seconds.
  path: Assets/調色盤/FloorBricksToGrassSquare_4.asset
  artifactKey: Guid(9c39c74ea130eea4491e34de9bae3d47) Importer(815301076,1909f56bfc062723c751e8b465ee728b)
Start importing Assets/調色盤/FloorBricksToGrassSquare_4.asset using Guid(9c39c74ea130eea4491e34de9bae3d47) Importer(815301076,1909f56bfc062723c751e8b465ee728b)  -> (artifact id: '2d0c9dc1b4a93c4b7ecb4f912bbb12d4') in 0.012276 seconds 
  Import took 0.015967 seconds .

========================================================================
Received Import Request.
  Time since last request: 0.000272 seconds.
  path: Assets/調色盤/FloorBricksToGrassSquare_0.asset
  artifactKey: Guid(34205d76d1d7fde48bb1227dbcf09ed0) Importer(815301076,1909f56bfc062723c751e8b465ee728b)
Start importing Assets/調色盤/FloorBricksToGrassSquare_0.asset using Guid(34205d76d1d7fde48bb1227dbcf09ed0) Importer(815301076,1909f56bfc062723c751e8b465ee728b)  -> (artifact id: '4c2c6fd85dc9bea7d1221853a8b93f0c') in 0.013526 seconds 
  Import took 0.016635 seconds .

========================================================================
Received Import Request.
  Time since last request: 0.000251 seconds.
  path: Assets/調色盤/FloorBricksToGrassSquare_2.asset
  artifactKey: Guid(52390ee4ab3d1ba4a87e096c71616f9d) Importer(815301076,1909f56bfc062723c751e8b465ee728b)
Start importing Assets/調色盤/FloorBricksToGrassSquare_2.asset using Guid(52390ee4ab3d1ba4a87e096c71616f9d) Importer(815301076,1909f56bfc062723c751e8b465ee728b)  -> (artifact id: 'd7da03856e93f5b9b2c977e0c63a6f61') in 0.015706 seconds 
  Import took 0.018904 seconds .

========================================================================
Received Import Request.
  Time since last request: 0.000219 seconds.
  path: Assets/調色盤/FloorBricksToGrassSquare_5.asset
  artifactKey: Guid(da5a1b127c4315a4cb196de529fcd57e) Importer(815301076,1909f56bfc062723c751e8b465ee728b)
Start importing Assets/調色盤/FloorBricksToGrassSquare_5.asset using Guid(da5a1b127c4315a4cb196de529fcd57e) Importer(815301076,1909f56bfc062723c751e8b465ee728b)  -> (artifact id: '1e05172f58092e8b34af3a46fcc315ce') in 0.013861 seconds 
  Import took 0.016740 seconds .

========================================================================
Received Import Request.
  Time since last request: 0.000207 seconds.
  path: Assets/調色盤/FloorBricksToGrassSquare.asset
  artifactKey: Guid(14208b020bb152045a4406cc9e18c059) Importer(815301076,1909f56bfc062723c751e8b465ee728b)
Start importing Assets/調色盤/FloorBricksToGrassSquare.asset using Guid(14208b020bb152045a4406cc9e18c059) Importer(815301076,1909f56bfc062723c751e8b465ee728b)  -> (artifact id: '22d79fe590377c343063bd7ed76f6c31') in 0.007441 seconds 
  Import took 0.010746 seconds .

========================================================================
Received Import Request.
  Time since last request: 0.000345 seconds.
  path: Assets/調色盤/FloorBricksToGrassCorner_7.asset
  artifactKey: Guid(f15f168a54275754293f0b6f084f688a) Importer(815301076,1909f56bfc062723c751e8b465ee728b)
Start importing Assets/調色盤/FloorBricksToGrassCorner_7.asset using Guid(f15f168a54275754293f0b6f084f688a) Importer(815301076,1909f56bfc062723c751e8b465ee728b)  -> (artifact id: '4a0c5a88ecc2f5e190ceac4b867fad08') in 0.014735 seconds 
  Import took 0.017716 seconds .

========================================================================
Received Import Request.
  Time since last request: 0.000221 seconds.
  path: Assets/調色盤/FloorBricksToGrassCorner_2.asset
  artifactKey: Guid(b3f9ecc75fadda84386a4ffb2daccf4b) Importer(815301076,1909f56bfc062723c751e8b465ee728b)
Start importing Assets/調色盤/FloorBricksToGrassCorner_2.asset using Guid(b3f9ecc75fadda84386a4ffb2daccf4b) Importer(815301076,1909f56bfc062723c751e8b465ee728b)  -> (artifact id: 'a04dca054f842c1c7fbb81fa8f202da6') in 0.013094 seconds 
  Import took 0.015953 seconds .

========================================================================
Received Import Request.
  Time since last request: 0.000241 seconds.
  path: Assets/調色盤/FloorBricksToGrassSquare_7.asset
  artifactKey: Guid(48f802986556fa94b938065897b31443) Importer(815301076,1909f56bfc062723c751e8b465ee728b)
Start importing Assets/調色盤/FloorBricksToGrassSquare_7.asset using Guid(48f802986556fa94b938065897b31443) Importer(815301076,1909f56bfc062723c751e8b465ee728b)  -> (artifact id: '70a16cd47204505c7acde7fa9e9dd8ac') in 0.012598 seconds 
  Import took 0.015771 seconds .

========================================================================
Received Import Request.
  Time since last request: 0.000247 seconds.
  path: Assets/調色盤/FloorBricksToGrassSquare_6.asset
  artifactKey: Guid(369c21c6d045b2341bf611255ca08608) Importer(815301076,1909f56bfc062723c751e8b465ee728b)
Start importing Assets/調色盤/FloorBricksToGrassSquare_6.asset using Guid(369c21c6d045b2341bf611255ca08608) Importer(815301076,1909f56bfc062723c751e8b465ee728b)  -> (artifact id: '6bc2e1e114657902b1a91a45af7979d6') in 0.011352 seconds 
  Import took 0.014634 seconds .

========================================================================
Received Import Request.
  Time since last request: 0.000265 seconds.
  path: Assets/調色盤/FloorBricksToGrassSquare_3.asset
  artifactKey: Guid(6204fabb8f838484081a8f559602cfb8) Importer(815301076,1909f56bfc062723c751e8b465ee728b)
Start importing Assets/調色盤/FloorBricksToGrassSquare_3.asset using Guid(6204fabb8f838484081a8f559602cfb8) Importer(815301076,1909f56bfc062723c751e8b465ee728b)  -> (artifact id: 'ee621d2424a72df09a2168c9aafd00a0') in 0.011663 seconds 
  Import took 0.015443 seconds .

========================================================================
Received Import Request.
  Time since last request: 0.000288 seconds.
  path: Assets/調色盤/FloorBricksToGrassSquare_1.asset
  artifactKey: Guid(5ceb899fc5598054bb645ef5e1213775) Importer(815301076,1909f56bfc062723c751e8b465ee728b)
Start importing Assets/調色盤/FloorBricksToGrassSquare_1.asset using Guid(5ceb899fc5598054bb645ef5e1213775) Importer(815301076,1909f56bfc062723c751e8b465ee728b)  -> (artifact id: '726d5fe2f897ba307c90dea445b0ab49') in 0.013690 seconds 
  Import took 0.017779 seconds .

========================================================================
Received Import Request.
  Time since last request: 0.395004 seconds.
  path: Assets/調色盤/FloorBricksToGrassSquare_8.asset
  artifactKey: Guid(44b3a7a17b40e594bac0a24337edb1a3) Importer(815301076,1909f56bfc062723c751e8b465ee728b)
Start importing Assets/調色盤/FloorBricksToGrassSquare_8.asset using Guid(44b3a7a17b40e594bac0a24337edb1a3) Importer(815301076,1909f56bfc062723c751e8b465ee728b)  -> (artifact id: '2caa127b908e20111f47409c2849d2b4') in 0.012667 seconds 
  Import took 0.015780 seconds .

========================================================================
Received Import Request.
  Time since last request: 0.000282 seconds.
  path: Assets/調色盤/FloorGrassToBricksCorner_1.asset
  artifactKey: Guid(ae45ba34aa565f542b3111e005066c3b) Importer(815301076,1909f56bfc062723c751e8b465ee728b)
Start importing Assets/調色盤/FloorGrassToBricksCorner_1.asset using Guid(ae45ba34aa565f542b3111e005066c3b) Importer(815301076,1909f56bfc062723c751e8b465ee728b)  -> (artifact id: '0a19eed2f7db60d5fcad5455c3a73f70') in 0.015105 seconds 
  Import took 0.017949 seconds .

========================================================================
Received Import Request.
  Time since last request: 0.000304 seconds.
  path: Assets/調色盤/FloorGrassToBricksCorner_0.asset
  artifactKey: Guid(2fe8c9c5feb82eb45a807a873802dd6a) Importer(815301076,1909f56bfc062723c751e8b465ee728b)
Start importing Assets/調色盤/FloorGrassToBricksCorner_0.asset using Guid(2fe8c9c5feb82eb45a807a873802dd6a) Importer(815301076,1909f56bfc062723c751e8b465ee728b)  -> (artifact id: '1a058557b7d5604efae9527ef8ee85f6') in 0.014775 seconds 
  Import took 0.018070 seconds .

========================================================================
Received Import Request.
  Time since last request: 0.000601 seconds.
  path: Assets/調色盤/FloorGrassToBricksCorner_4.asset
  artifactKey: Guid(74011a16868f21a4fa51eb3375fd5647) Importer(815301076,1909f56bfc062723c751e8b465ee728b)
Start importing Assets/調色盤/FloorGrassToBricksCorner_4.asset using Guid(74011a16868f21a4fa51eb3375fd5647) Importer(815301076,1909f56bfc062723c751e8b465ee728b)  -> (artifact id: 'e799aa7e28525ce1d7dd773db4f2d4b4') in 0.013337 seconds 
  Import took 0.018251 seconds .

========================================================================
Received Import Request.
  Time since last request: 0.000330 seconds.
  path: Assets/調色盤/FloorGrassToBricksCorner_2.asset
  artifactKey: Guid(2a454b18f74f6b1468ed7f51517ea9e5) Importer(815301076,1909f56bfc062723c751e8b465ee728b)
Start importing Assets/調色盤/FloorGrassToBricksCorner_2.asset using Guid(2a454b18f74f6b1468ed7f51517ea9e5) Importer(815301076,1909f56bfc062723c751e8b465ee728b)  -> (artifact id: '7ce41db72947aee7665efb54478eb860') in 0.013507 seconds 
  Import took 0.017084 seconds .

========================================================================
Received Import Request.
  Time since last request: 0.000248 seconds.
  path: Assets/調色盤/FloorGrassToBricksCorner_3.asset
  artifactKey: Guid(fa41c66656d1dbb4e9d83e3866e9564d) Importer(815301076,1909f56bfc062723c751e8b465ee728b)
Start importing Assets/調色盤/FloorGrassToBricksCorner_3.asset using Guid(fa41c66656d1dbb4e9d83e3866e9564d) Importer(815301076,1909f56bfc062723c751e8b465ee728b)  -> (artifact id: 'd040abda751d2fa2aa52f85bfdc638ff') in 0.013725 seconds 
  Import took 0.017042 seconds .

========================================================================
Received Import Request.
  Time since last request: 0.162071 seconds.
  path: Assets/調色盤/FloorGrassToBricksCorner_5.asset
  artifactKey: Guid(68ce73fafce637045a9e35dcc24d5228) Importer(815301076,1909f56bfc062723c751e8b465ee728b)
Start importing Assets/調色盤/FloorGrassToBricksCorner_5.asset using Guid(68ce73fafce637045a9e35dcc24d5228) Importer(815301076,1909f56bfc062723c751e8b465ee728b)  -> (artifact id: 'a90168fec89df7816de760765a5a1636') in 0.012343 seconds 
  Import took 0.015797 seconds .

========================================================================
Received Import Request.
  Time since last request: 0.000235 seconds.
  path: Assets/調色盤/FloorGrassToBricksCorner_7.asset
  artifactKey: Guid(f8fa248d8c8564943ad0d1f3777b3748) Importer(815301076,1909f56bfc062723c751e8b465ee728b)
Start importing Assets/調色盤/FloorGrassToBricksCorner_7.asset using Guid(f8fa248d8c8564943ad0d1f3777b3748) Importer(815301076,1909f56bfc062723c751e8b465ee728b)  -> (artifact id: '99e8e30f8d0e236d4acc07e67f7594f3') in 0.013153 seconds 
  Import took 0.016924 seconds .

========================================================================
Received Import Request.
  Time since last request: 0.000282 seconds.
  path: Assets/調色盤/FloorGrassToBricksCorner_6.asset
  artifactKey: Guid(c2d071a1a31e8c84da07d13fe5b60c8d) Importer(815301076,1909f56bfc062723c751e8b465ee728b)
Start importing Assets/調色盤/FloorGrassToBricksCorner_6.asset using Guid(c2d071a1a31e8c84da07d13fe5b60c8d) Importer(815301076,1909f56bfc062723c751e8b465ee728b)  -> (artifact id: '8bd53f1a042e5d1f4afbdf1881eb707f') in 0.015303 seconds 
  Import took 0.019516 seconds .

========================================================================
Received Import Request.
  Time since last request: 0.000384 seconds.
  path: Assets/調色盤/FloorGrassToBricksSquare_3.asset
  artifactKey: Guid(c2cc034590e5d164b90d96565e673733) Importer(815301076,1909f56bfc062723c751e8b465ee728b)
Start importing Assets/調色盤/FloorGrassToBricksSquare_3.asset using Guid(c2cc034590e5d164b90d96565e673733) Importer(815301076,1909f56bfc062723c751e8b465ee728b)  -> (artifact id: '1df88455027c7e8380920bea2b5c128c') in 0.014593 seconds 
  Import took 0.017979 seconds .

========================================================================
Received Import Request.
  Time since last request: 0.000255 seconds.
  path: Assets/調色盤/FloorGrassToBricksSquare_1.asset
  artifactKey: Guid(a114f0ecf42cf774989e7fb5676effff) Importer(815301076,1909f56bfc062723c751e8b465ee728b)
Start importing Assets/調色盤/FloorGrassToBricksSquare_1.asset using Guid(a114f0ecf42cf774989e7fb5676effff) Importer(815301076,1909f56bfc062723c751e8b465ee728b)  -> (artifact id: '2b1fbfc689939086b144661583c72eb4') in 0.013244 seconds 
  Import took 0.016245 seconds .

========================================================================
Received Import Request.
  Time since last request: 0.000302 seconds.
  path: Assets/調色盤/FloorGrassToBricksCorner_8.asset
  artifactKey: Guid(acf9b63542a7b744da7622b5299d45ee) Importer(815301076,1909f56bfc062723c751e8b465ee728b)
Start importing Assets/調色盤/FloorGrassToBricksCorner_8.asset using Guid(acf9b63542a7b744da7622b5299d45ee) Importer(815301076,1909f56bfc062723c751e8b465ee728b)  -> (artifact id: '34dd04bbf07c72c09a2af2360bcf6bd0') in 0.012309 seconds 
  Import took 0.015214 seconds .

========================================================================
Received Import Request.
  Time since last request: 0.000255 seconds.
  path: Assets/調色盤/FloorGrassToBricksSquare_2.asset
  artifactKey: Guid(6c8d3855d6fbfa9448b195ce9b987dd8) Importer(815301076,1909f56bfc062723c751e8b465ee728b)
Start importing Assets/調色盤/FloorGrassToBricksSquare_2.asset using Guid(6c8d3855d6fbfa9448b195ce9b987dd8) Importer(815301076,1909f56bfc062723c751e8b465ee728b)  -> (artifact id: '8e42d6d7ee59d7b5d51ee002429224c1') in 0.012794 seconds 
  Import took 0.015696 seconds .

========================================================================
Received Import Request.
  Time since last request: 0.000244 seconds.
  path: Assets/調色盤/FloorGrassToBricksSquare_4.asset
  artifactKey: Guid(f8405d55c1bab6643b1e18f3eeda7608) Importer(815301076,1909f56bfc062723c751e8b465ee728b)
Start importing Assets/調色盤/FloorGrassToBricksSquare_4.asset using Guid(f8405d55c1bab6643b1e18f3eeda7608) Importer(815301076,1909f56bfc062723c751e8b465ee728b)  -> (artifact id: 'ecccbe1fe705c3a438f18cb0b4d3f8b5') in 0.011161 seconds 
  Import took 0.014354 seconds .

========================================================================
Received Import Request.
  Time since last request: 0.000264 seconds.
  path: Assets/調色盤/FloorGrassToBricksSquare_0.asset
  artifactKey: Guid(18b23b2fa1290e141acf907ee29c6853) Importer(815301076,1909f56bfc062723c751e8b465ee728b)
Start importing Assets/調色盤/FloorGrassToBricksSquare_0.asset using Guid(18b23b2fa1290e141acf907ee29c6853) Importer(815301076,1909f56bfc062723c751e8b465ee728b)  -> (artifact id: 'a7d96998a3367e9d2470abd5e5b85f81') in 0.012562 seconds 
  Import took 0.016152 seconds .

========================================================================
Received Import Request.
  Time since last request: 0.105461 seconds.
  path: Assets/調色盤/FloorGrassToBricksSquare_5.asset
  artifactKey: Guid(03fada1ef127961408758d77a6f12da1) Importer(815301076,1909f56bfc062723c751e8b465ee728b)
Start importing Assets/調色盤/FloorGrassToBricksSquare_5.asset using Guid(03fada1ef127961408758d77a6f12da1) Importer(815301076,1909f56bfc062723c751e8b465ee728b)  -> (artifact id: '1e101e8f6fc6603dc6376242ec16142f') in 0.011321 seconds 
  Import took 0.014512 seconds .

========================================================================
Received Import Request.
  Time since last request: 0.000309 seconds.
  path: Assets/調色盤/FloorGrassToBricksSquare_7.asset
  artifactKey: Guid(d055b7dfa21efb54c8923b8da2b31c32) Importer(815301076,1909f56bfc062723c751e8b465ee728b)
Start importing Assets/調色盤/FloorGrassToBricksSquare_7.asset using Guid(d055b7dfa21efb54c8923b8da2b31c32) Importer(815301076,1909f56bfc062723c751e8b465ee728b)  -> (artifact id: 'b5b06daa01d2f6f5772ae028b566f8eb') in 0.012749 seconds 
  Import took 0.015641 seconds .

========================================================================
Received Import Request.
  Time since last request: 0.000248 seconds.
  path: Assets/調色盤/FloorWaterRoundCorners_0.asset
  artifactKey: Guid(73eb93beb5aeda54a81b6b2e3bc1785c) Importer(815301076,1909f56bfc062723c751e8b465ee728b)
Start importing Assets/調色盤/FloorWaterRoundCorners_0.asset using Guid(73eb93beb5aeda54a81b6b2e3bc1785c) Importer(815301076,1909f56bfc062723c751e8b465ee728b)  -> (artifact id: '480f800c725f34169d34b5425d01a14b') in 0.011801 seconds 
  Import took 0.015496 seconds .

========================================================================
Received Import Request.
  Time since last request: 0.000261 seconds.
  path: Assets/調色盤/FloorWaterRoundCorners_2.asset
  artifactKey: Guid(9c418dcf3f4bf5a4487be1eb5c7019a3) Importer(815301076,1909f56bfc062723c751e8b465ee728b)
Start importing Assets/調色盤/FloorWaterRoundCorners_2.asset using Guid(9c418dcf3f4bf5a4487be1eb5c7019a3) Importer(815301076,1909f56bfc062723c751e8b465ee728b)  -> (artifact id: '6478820bb31a3b0d3bb51daeb6e6fa54') in 0.012689 seconds 
  Import took 0.016433 seconds .

========================================================================
Received Import Request.
  Time since last request: 0.000285 seconds.
  path: Assets/調色盤/FloorWaterRoundCorners_5.asset
  artifactKey: Guid(bda0bda8f03803a4ab5fbd65ddf17c4a) Importer(815301076,1909f56bfc062723c751e8b465ee728b)
Start importing Assets/調色盤/FloorWaterRoundCorners_5.asset using Guid(bda0bda8f03803a4ab5fbd65ddf17c4a) Importer(815301076,1909f56bfc062723c751e8b465ee728b)  -> (artifact id: '87a2ad8393b892b70e9f314be2ab8805') in 0.012165 seconds 
  Import took 0.015599 seconds .

========================================================================
Received Import Request.
  Time since last request: 0.000365 seconds.
  path: Assets/調色盤/FloorWaterRoundCorners_1.asset
  artifactKey: Guid(ef7bfd6183e5c8c4f9c9ddbbf983c528) Importer(815301076,1909f56bfc062723c751e8b465ee728b)
Start importing Assets/調色盤/FloorWaterRoundCorners_1.asset using Guid(ef7bfd6183e5c8c4f9c9ddbbf983c528) Importer(815301076,1909f56bfc062723c751e8b465ee728b)  -> (artifact id: '7aff89eda85a3b506c809440773a013f') in 0.012672 seconds 
  Import took 0.016507 seconds .

========================================================================
Received Import Request.
  Time since last request: 0.000311 seconds.
  path: Assets/調色盤/FloorWaterRoundCorners_6.asset
  artifactKey: Guid(299f2506f312aad4eaa17ec018a412c7) Importer(815301076,1909f56bfc062723c751e8b465ee728b)
Start importing Assets/調色盤/FloorWaterRoundCorners_6.asset using Guid(299f2506f312aad4eaa17ec018a412c7) Importer(815301076,1909f56bfc062723c751e8b465ee728b)  -> (artifact id: '43b411ce89d8e346aa9d6ffb13e1fed1') in 0.064650 seconds 
  Import took 0.067871 seconds .

========================================================================
Received Import Request.
  Time since last request: 0.000311 seconds.
  path: Assets/調色盤/FloorWaterRoundCorners_7.asset
  artifactKey: Guid(9dc3d4134b13f1146b464931e3b07d01) Importer(815301076,1909f56bfc062723c751e8b465ee728b)
Start importing Assets/調色盤/FloorWaterRoundCorners_7.asset using Guid(9dc3d4134b13f1146b464931e3b07d01) Importer(815301076,1909f56bfc062723c751e8b465ee728b)  -> (artifact id: '072b71a39916ca00c2b277a8cd68be61') in 0.012100 seconds 
  Import took 0.015238 seconds .

========================================================================
Received Import Request.
  Time since last request: 0.000349 seconds.
  path: Assets/調色盤/FloorWaterRoundCorners_4.asset
  artifactKey: Guid(7964d7931bef1ee469cf39213bc9ee21) Importer(815301076,1909f56bfc062723c751e8b465ee728b)
Start importing Assets/調色盤/FloorWaterRoundCorners_4.asset using Guid(7964d7931bef1ee469cf39213bc9ee21) Importer(815301076,1909f56bfc062723c751e8b465ee728b)  -> (artifact id: 'a3850bf8c624a19fd286f15fb970f506') in 0.013838 seconds 
  Import took 0.016924 seconds .

========================================================================
Received Import Request.
  Time since last request: 0.000281 seconds.
  path: Assets/調色盤/FloorWaterRoundCorners_3.asset
  artifactKey: Guid(ce83e5c4241920b48b0a429f295280cb) Importer(815301076,1909f56bfc062723c751e8b465ee728b)
Start importing Assets/調色盤/FloorWaterRoundCorners_3.asset using Guid(ce83e5c4241920b48b0a429f295280cb) Importer(815301076,1909f56bfc062723c751e8b465ee728b)  -> (artifact id: 'ceb0729350892610936aa2c477602715') in 0.012841 seconds 
  Import took 0.015816 seconds .

========================================================================
Received Import Request.
  Time since last request: 0.000264 seconds.
  path: Assets/調色盤/FloorGrassToBricksSquare_8.asset
  artifactKey: Guid(d93d608062b76cf459b28e5a97ea0b4b) Importer(815301076,1909f56bfc062723c751e8b465ee728b)
Start importing Assets/調色盤/FloorGrassToBricksSquare_8.asset using Guid(d93d608062b76cf459b28e5a97ea0b4b) Importer(815301076,1909f56bfc062723c751e8b465ee728b)  -> (artifact id: '4226548806ed6ec20973c7b9c96bad11') in 0.014026 seconds 
  Import took 0.016958 seconds .

========================================================================
Received Import Request.
  Time since last request: 0.000217 seconds.
  path: Assets/調色盤/FloorGrassToBricksSquare_6.asset
  artifactKey: Guid(f74393f59c80e1542b2a406153832f32) Importer(815301076,1909f56bfc062723c751e8b465ee728b)
Start importing Assets/調色盤/FloorGrassToBricksSquare_6.asset using Guid(f74393f59c80e1542b2a406153832f32) Importer(815301076,1909f56bfc062723c751e8b465ee728b)  -> (artifact id: 'd3955922ffc1c40975b810366dcb77f8') in 0.011414 seconds 
  Import took 0.014446 seconds .

========================================================================
Received Import Request.
  Time since last request: 0.026943 seconds.
  path: Assets/調色盤/FloorWaterRoundCorners_8.asset
  artifactKey: Guid(4c2f829ab11bbe34a83f992f23a68f94) Importer(815301076,1909f56bfc062723c751e8b465ee728b)
Start importing Assets/調色盤/FloorWaterRoundCorners_8.asset using Guid(4c2f829ab11bbe34a83f992f23a68f94) Importer(815301076,1909f56bfc062723c751e8b465ee728b)  -> (artifact id: '9751e26bfe4983c8d251cfacdc39c3a8') in 0.018415 seconds 
  Import took 0.021682 seconds .

========================================================================
Received Import Request.
  Time since last request: 0.000302 seconds.
  path: Assets/調色盤/FloorWaterSquareCorners_1.asset
  artifactKey: Guid(3d39caf27ce12f54890ea61a89488b94) Importer(815301076,1909f56bfc062723c751e8b465ee728b)
Start importing Assets/調色盤/FloorWaterSquareCorners_1.asset using Guid(3d39caf27ce12f54890ea61a89488b94) Importer(815301076,1909f56bfc062723c751e8b465ee728b)  -> (artifact id: 'd662fea5cb20a9574aaa7984f0083f23') in 0.011556 seconds 
  Import took 0.015147 seconds .

========================================================================
Received Import Request.
  Time since last request: 0.000349 seconds.
  path: Assets/調色盤/FloorWaterSquareCorners_3.asset
  artifactKey: Guid(1e1df74171acf52458af81625c901577) Importer(815301076,1909f56bfc062723c751e8b465ee728b)
Start importing Assets/調色盤/FloorWaterSquareCorners_3.asset using Guid(1e1df74171acf52458af81625c901577) Importer(815301076,1909f56bfc062723c751e8b465ee728b)  -> (artifact id: 'efb92914801937876932e32f0a771d5a') in 0.012572 seconds 
  Import took 0.015771 seconds .

========================================================================
Received Import Request.
  Time since last request: 0.000284 seconds.
  path: Assets/調色盤/FloorWaterSquareCorners_4.asset
  artifactKey: Guid(b88fb148077abbd429ae901063b3cb75) Importer(815301076,1909f56bfc062723c751e8b465ee728b)
Start importing Assets/調色盤/FloorWaterSquareCorners_4.asset using Guid(b88fb148077abbd429ae901063b3cb75) Importer(815301076,1909f56bfc062723c751e8b465ee728b)  -> (artifact id: '8c464e4642239432e18329be20c3bb48') in 0.011077 seconds 
  Import took 0.014760 seconds .

========================================================================
Received Import Request.
  Time since last request: 0.000227 seconds.
  path: Assets/調色盤/FloorWaterSquareCorners_5.asset
  artifactKey: Guid(d5c29bbc4f251bd46a5a3daf06131b3b) Importer(815301076,1909f56bfc062723c751e8b465ee728b)
Start importing Assets/調色盤/FloorWaterSquareCorners_5.asset using Guid(d5c29bbc4f251bd46a5a3daf06131b3b) Importer(815301076,1909f56bfc062723c751e8b465ee728b)  -> (artifact id: '9f5a27896f0db3d2b57dbcdbfda1a105') in 0.011981 seconds 
  Import took 0.015069 seconds .

========================================================================
Received Import Request.
  Time since last request: 0.000201 seconds.
  path: Assets/調色盤/FloorWaterSquareCorners_7.asset
  artifactKey: Guid(d82013e9156107b4a8aecc4c63993947) Importer(815301076,1909f56bfc062723c751e8b465ee728b)
Start importing Assets/調色盤/FloorWaterSquareCorners_7.asset using Guid(d82013e9156107b4a8aecc4c63993947) Importer(815301076,1909f56bfc062723c751e8b465ee728b)  -> (artifact id: 'd171b03088e2d354e3109a1f0114eee5') in 0.013997 seconds 
  Import took 0.016902 seconds .

========================================================================
Received Import Request.
  Time since last request: 0.000224 seconds.
  path: Assets/調色盤/FloorWaterSquareCorners_6.asset
  artifactKey: Guid(22d3ed3ad03cd954fb0cb38181fc691d) Importer(815301076,1909f56bfc062723c751e8b465ee728b)
Start importing Assets/調色盤/FloorWaterSquareCorners_6.asset using Guid(22d3ed3ad03cd954fb0cb38181fc691d) Importer(815301076,1909f56bfc062723c751e8b465ee728b)  -> (artifact id: '881fad2fa5052186c40248fd4573a392') in 0.011875 seconds 
  Import took 0.015678 seconds .

========================================================================
Received Import Request.
  Time since last request: 0.000304 seconds.
  path: Assets/調色盤/FloorWaterSquareCorners_0.asset
  artifactKey: Guid(1dc9a392321ba9c4ea28885e8b5402fb) Importer(815301076,1909f56bfc062723c751e8b465ee728b)
Start importing Assets/調色盤/FloorWaterSquareCorners_0.asset using Guid(1dc9a392321ba9c4ea28885e8b5402fb) Importer(815301076,1909f56bfc062723c751e8b465ee728b)  -> (artifact id: '63cccb00052825e3c9d1a1d0313c9c08') in 0.011848 seconds 
  Import took 0.014882 seconds .

========================================================================
Received Import Request.
  Time since last request: 0.000239 seconds.
  path: Assets/調色盤/FloorWaterSquareCorners_2.asset
  artifactKey: Guid(d7805e562918f4f41b6bd5b79a7ea7f6) Importer(815301076,1909f56bfc062723c751e8b465ee728b)
Start importing Assets/調色盤/FloorWaterSquareCorners_2.asset using Guid(d7805e562918f4f41b6bd5b79a7ea7f6) Importer(815301076,1909f56bfc062723c751e8b465ee728b)  -> (artifact id: 'ac72e25d89c75c4d3b00b74d918d1fe7') in 0.012265 seconds 
  Import took 0.015496 seconds .

========================================================================
Received Import Request.
  Time since last request: 0.108188 seconds.
  path: Assets/調色盤/FloorWaterSquareCorners_8.asset
  artifactKey: Guid(39e048dbb99d59741b75396619af6ed0) Importer(815301076,1909f56bfc062723c751e8b465ee728b)
Start importing Assets/調色盤/FloorWaterSquareCorners_8.asset using Guid(39e048dbb99d59741b75396619af6ed0) Importer(815301076,1909f56bfc062723c751e8b465ee728b)  -> (artifact id: '78068a4991a0f6ad0c0d5ed7b1e6bd5f') in 0.013985 seconds 
  Import took 0.017703 seconds .

========================================================================
Received Import Request.
  Time since last request: 0.000310 seconds.
  path: Assets/調色盤/New Palette.prefab
  artifactKey: Guid(bf238fe34eb16c7459a231aeb28c50d5) Importer(815301076,1909f56bfc062723c751e8b465ee728b)
Start importing Assets/調色盤/New Palette.prefab using Guid(bf238fe34eb16c7459a231aeb28c50d5) Importer(815301076,1909f56bfc062723c751e8b465ee728b)  -> (artifact id: 'fccc87c68ed652c79ff80d0e5987574c') in 0.054809 seconds 
  Import took 0.058197 seconds .

========================================================================
Received Import Request.
  Time since last request: 5.504364 seconds.
  path: Assets/2Dpackage/Art/Sprites/UI/CharacterPortrait.png
  artifactKey: Guid(e15de6f8d935253448ee4e7709bd216c) Importer(815301076,1909f56bfc062723c751e8b465ee728b)
Start importing Assets/2Dpackage/Art/Sprites/UI/CharacterPortrait.png using Guid(e15de6f8d935253448ee4e7709bd216c) Importer(815301076,1909f56bfc062723c751e8b465ee728b)  -> (artifact id: '8a1c13c3d03892439febbc27830c7bf0') in 0.124911 seconds 
  Import took 0.128026 seconds .

========================================================================
Received Import Request.
  Time since last request: 0.000300 seconds.
  path: Assets/2Dpackage/Art/Sprites/Environmnent/DrainCover.png
  artifactKey: Guid(186979b672303144e9af33f5940487e6) Importer(815301076,1909f56bfc062723c751e8b465ee728b)
Start importing Assets/2Dpackage/Art/Sprites/Environmnent/DrainCover.png using Guid(186979b672303144e9af33f5940487e6) Importer(815301076,1909f56bfc062723c751e8b465ee728b)  -> (artifact id: '6b9d7d2e29df1759ec244ce3d8e76de7') in 0.016668 seconds 
  Import took 0.019370 seconds .

========================================================================
Received Import Request.
  Time since last request: 0.000491 seconds.
  path: Assets/2Dpackage/Art/Sprites/VFX/CollectibleAmmo.png
  artifactKey: Guid(d5ac0d76f419eaf4b88095579ba3ab35) Importer(815301076,1909f56bfc062723c751e8b465ee728b)
Start importing Assets/2Dpackage/Art/Sprites/VFX/CollectibleAmmo.png using Guid(d5ac0d76f419eaf4b88095579ba3ab35) Importer(815301076,1909f56bfc062723c751e8b465ee728b)  -> (artifact id: '4ed1a9e42e5852d47fe6da05fb5d0ef6') in 0.021582 seconds 
  Import took 0.025773 seconds .

========================================================================
Received Import Request.
  Time since last request: 0.000282 seconds.
  path: Assets/2Dpackage/Art/Sprites/VFX/CollectibleHealth.png
  artifactKey: Guid(00e89d1057578a342b22583144a5ee03) Importer(815301076,1909f56bfc062723c751e8b465ee728b)
Start importing Assets/2Dpackage/Art/Sprites/VFX/CollectibleHealth.png using Guid(00e89d1057578a342b22583144a5ee03) Importer(815301076,1909f56bfc062723c751e8b465ee728b)  -> (artifact id: '99ac054501982fecc6c646a546093a61') in 0.018836 seconds 
  Import took 0.022144 seconds .

========================================================================
Received Import Request.
  Time since last request: 0.000289 seconds.
  path: Assets/2Dpackage/Audio/Collectable.wav
  artifactKey: Guid(af5f8b64e3f58f24c87ff8f789b04f6c) Importer(815301076,1909f56bfc062723c751e8b465ee728b)
Start importing Assets/2Dpackage/Audio/Collectable.wav using Guid(af5f8b64e3f58f24c87ff8f789b04f6c) Importer(815301076,1909f56bfc062723c751e8b465ee728b)  -> (artifact id: '2c1b7c2bf256bd2c22fdd47c1a88f065') in 0.032686 seconds 
  Import took 0.036271 seconds .

========================================================================
Received Import Request.
  Time since last request: 0.000338 seconds.
  path: Assets/2Dpackage/Art/Sprites/Environmnent/Damageable.png
  artifactKey: Guid(0e15259342e82ee4f813807e5b28c0f3) Importer(815301076,1909f56bfc062723c751e8b465ee728b)
Start importing Assets/2Dpackage/Art/Sprites/Environmnent/Damageable.png using Guid(0e15259342e82ee4f813807e5b28c0f3) Importer(815301076,1909f56bfc062723c751e8b465ee728b)  -> (artifact id: 'c1d1df4daa1e7d116b1550cf7b5152fd') in 0.019656 seconds 
  Import took 0.022624 seconds .

========================================================================
Received Import Request.
  Time since last request: 3.110896 seconds.
  path: Assets/2Dpackage/Art/Animations/AnimationClips
  artifactKey: Guid(2dceb00d54b369d4889d2daf5a884a57) Importer(815301076,1909f56bfc062723c751e8b465ee728b)
Start importing Assets/2Dpackage/Art/Animations/AnimationClips using Guid(2dceb00d54b369d4889d2daf5a884a57) Importer(815301076,1909f56bfc062723c751e8b465ee728b)  -> (artifact id: 'b3f31c09148e766f780e1d71e3f9b5b4') in 0.006671 seconds 
  Import took 0.010095 seconds .

========================================================================
Received Import Request.
  Time since last request: 4.595993 seconds.
  path: Assets/2Dpackage/Art/Animations/AnimationClips/Enimies
  artifactKey: Guid(8f7102fe71e17cd48931f9bb423c22bf) Importer(815301076,1909f56bfc062723c751e8b465ee728b)
Start importing Assets/2Dpackage/Art/Animations/AnimationClips/Enimies using Guid(8f7102fe71e17cd48931f9bb423c22bf) Importer(815301076,1909f56bfc062723c751e8b465ee728b)  -> (artifact id: '6fa64b44b80cf0314726d18d23c55709') in 0.037869 seconds 
  Import took 0.041564 seconds .

========================================================================
Received Import Request.
  Time since last request: 2.303879 seconds.
  path: Assets/2Dpackage/Art/Animations/AnimationClips/Enimies/RobotWalkDown.anim
  artifactKey: Guid(2bac6b9beecddb549a3f48bd6df5f2d3) Importer(815301076,1909f56bfc062723c751e8b465ee728b)
Start importing Assets/2Dpackage/Art/Animations/AnimationClips/Enimies/RobotWalkDown.anim using Guid(2bac6b9beecddb549a3f48bd6df5f2d3) Importer(815301076,1909f56bfc062723c751e8b465ee728b)  -> (artifact id: 'b599f517bd022453cec64c1743245318') in 0.024555 seconds 
  Import took 0.027508 seconds .

========================================================================
Received Import Request.
  Time since last request: 9.932373 seconds.
  path: Assets/2Dpackage/Art/Animations/AnimationClips/Player/RubyHitDown.anim
  artifactKey: Guid(07f2b32839e2f98428c49d63421c8693) Importer(815301076,1909f56bfc062723c751e8b465ee728b)
Start importing Assets/2Dpackage/Art/Animations/AnimationClips/Player/RubyHitDown.anim using Guid(07f2b32839e2f98428c49d63421c8693) Importer(815301076,1909f56bfc062723c751e8b465ee728b)  -> (artifact id: '0e4ae95246e6c1a904478d4e7d67fbb4') in 0.006921 seconds 
  Import took 0.010491 seconds .

========================================================================
Received Import Request.
  Time since last request: 10.082206 seconds.
  path: Assets/2Dpackage/Art
  artifactKey: Guid(7dc92abd333901a43ae8edc459c826d7) Importer(815301076,1909f56bfc062723c751e8b465ee728b)
Start importing Assets/2Dpackage/Art using Guid(7dc92abd333901a43ae8edc459c826d7) Importer(815301076,1909f56bfc062723c751e8b465ee728b)  -> (artifact id: '94dab46dd8845925309a886def4f0a28') in 0.005995 seconds 
  Import took 0.009229 seconds .

========================================================================
Received Import Request.
  Time since last request: 1.631131 seconds.
  path: Assets/2Dpackage/Art/Sprites
  artifactKey: Guid(393943900ba2b6c4cb80f5e4a5d0806c) Importer(815301076,1909f56bfc062723c751e8b465ee728b)
Start importing Assets/2Dpackage/Art/Sprites using Guid(393943900ba2b6c4cb80f5e4a5d0806c) Importer(815301076,1909f56bfc062723c751e8b465ee728b)  -> (artifact id: '0e1aba6cdf6850f5b85ae83ca3c754bf') in 0.007225 seconds 
  Import took 0.011022 seconds .

========================================================================
Received Import Request.
  Time since last request: 1.863834 seconds.
  path: Assets/2Dpackage/Art/Sprites/Characters
  artifactKey: Guid(ff0aa22beee37e947b64088c003dfa20) Importer(815301076,1909f56bfc062723c751e8b465ee728b)
Start importing Assets/2Dpackage/Art/Sprites/Characters using Guid(ff0aa22beee37e947b64088c003dfa20) Importer(815301076,1909f56bfc062723c751e8b465ee728b)  -> (artifact id: '0cee3beee5f5c2ae13062d53506489a2') in 0.005979 seconds 
  Import took 0.010367 seconds .

========================================================================
Received Import Request.
  Time since last request: 0.071491 seconds.
  path: Assets/2Dpackage/Art/Sprites/Characters/JambiSheet.png
  artifactKey: Guid(255841382d607e24a8317d9ab167f414) Importer(815301076,1909f56bfc062723c751e8b465ee728b)
Start importing Assets/2Dpackage/Art/Sprites/Characters/JambiSheet.png using Guid(255841382d607e24a8317d9ab167f414) Importer(815301076,1909f56bfc062723c751e8b465ee728b)  -> (artifact id: '6d430af58ba8f177d69370a804dcede9') in 0.026838 seconds 
  Import took 0.029925 seconds .

========================================================================
Received Import Request.
  Time since last request: 0.000294 seconds.
  path: Assets/2Dpackage/Art/Sprites/Characters/RubySheet.png
  artifactKey: Guid(c1dbff5bcb29cdd4bbb8de3a29f2328c) Importer(815301076,1909f56bfc062723c751e8b465ee728b)
Start importing Assets/2Dpackage/Art/Sprites/Characters/RubySheet.png using Guid(c1dbff5bcb29cdd4bbb8de3a29f2328c) Importer(815301076,1909f56bfc062723c751e8b465ee728b)  -> (artifact id: 'bc433d215ec5772815a51d328ba73d8e') in 0.112597 seconds 
  Import took 0.115315 seconds .

========================================================================
Received Import Request.
  Time since last request: 0.000276 seconds.
  path: Assets/2Dpackage/Art/Sprites/Characters/MrClockworkSheet.png
  artifactKey: Guid(651c4abeb0812e74685da0e5a31c8dff) Importer(815301076,1909f56bfc062723c751e8b465ee728b)
Start importing Assets/2Dpackage/Art/Sprites/Characters/MrClockworkSheet.png using Guid(651c4abeb0812e74685da0e5a31c8dff) Importer(815301076,1909f56bfc062723c751e8b465ee728b)  -> (artifact id: '6a32f1dd4f11173cd48c4427a5eef54a') in 0.085752 seconds 
  Import took 0.088457 seconds .

========================================================================
Received Import Request.
  Time since last request: 4.722223 seconds.
  path: Assets/2Dpackage/Art/Animations/AnimationClips/Enimies/RobotWalkLeft.anim
  artifactKey: Guid(28298b8dab96ef444b77fc72181b2448) Importer(815301076,1909f56bfc062723c751e8b465ee728b)
Start importing Assets/2Dpackage/Art/Animations/AnimationClips/Enimies/RobotWalkLeft.anim using Guid(28298b8dab96ef444b77fc72181b2448) Importer(815301076,1909f56bfc062723c751e8b465ee728b)  -> (artifact id: '3a73f44ae0b63eecb23eae2c7287234c') in 1.090122 seconds 
  Import took 1.093593 seconds .

========================================================================
Received Import Request.
  Time since last request: 0.000330 seconds.
  path: Assets/2Dpackage/Art/Animations/AnimationClips/Enimies/RobotWalkUp.anim
  artifactKey: Guid(e9fc075ac76f80f41a0e26e55de17803) Importer(815301076,1909f56bfc062723c751e8b465ee728b)
Start importing Assets/2Dpackage/Art/Animations/AnimationClips/Enimies/RobotWalkUp.anim using Guid(e9fc075ac76f80f41a0e26e55de17803) Importer(815301076,1909f56bfc062723c751e8b465ee728b)  -> (artifact id: 'f2dbef9af30f3c0c87375edd62f49613') in 0.007708 seconds 
  Import took 0.010936 seconds .

========================================================================
Received Import Request.
  Time since last request: 0.000279 seconds.
  path: Assets/2Dpackage/Art/Animations/AnimationClips/Enimies/RobotWalkRight.anim
  artifactKey: Guid(63dca8ae8d1ed84479c2d135ae3fec7f) Importer(815301076,1909f56bfc062723c751e8b465ee728b)
Start importing Assets/2Dpackage/Art/Animations/AnimationClips/Enimies/RobotWalkRight.anim using Guid(63dca8ae8d1ed84479c2d135ae3fec7f) Importer(815301076,1909f56bfc062723c751e8b465ee728b)  -> (artifact id: '64480a3b7d9b68d9d7df69f0ab7185e5') in 0.006700 seconds 
  Import took 0.009847 seconds .

========================================================================
Received Import Request.
  Time since last request: 589.118725 seconds.
  path: Assets/2Dpackage/Art/Animations/AnimationClips/Ruby/RubyRunDown1.controller
  artifactKey: Guid(b63fd8bdae223c64e8375af58fb93762) Importer(815301076,1909f56bfc062723c751e8b465ee728b)
Start importing Assets/2Dpackage/Art/Animations/AnimationClips/Ruby/RubyRunDown1.controller using Guid(b63fd8bdae223c64e8375af58fb93762) Importer(815301076,1909f56bfc062723c751e8b465ee728b)  -> (artifact id: 'd61312c95d2997a32132418a5002c0ab') in 0.009279 seconds 
  Import took 0.012722 seconds .

========================================================================
Received Import Request.
  Time since last request: 0.069415 seconds.
  path: Assets/2Dpackage/Art/Animations/AnimationClips/Enimies/MrClockworkIdleDown.controller
  artifactKey: Guid(8cec6a998699f59458f7107ff817d48e) Importer(815301076,1909f56bfc062723c751e8b465ee728b)
Start importing Assets/2Dpackage/Art/Animations/AnimationClips/Enimies/MrClockworkIdleDown.controller using Guid(8cec6a998699f59458f7107ff817d48e) Importer(815301076,1909f56bfc062723c751e8b465ee728b)  -> (artifact id: '1d52439fb592c23bd88108e32ec75ba4') in 0.006764 seconds 
  Import took 0.010106 seconds .

========================================================================
Received Import Request.
  Time since last request: 0.291791 seconds.
  path: Assets/2Dpackage/Art/Animations/AnimationClips/Ruby
  artifactKey: Guid(d2f05f28ed120c545a66488d479c45e2) Importer(815301076,1909f56bfc062723c751e8b465ee728b)
Start importing Assets/2Dpackage/Art/Animations/AnimationClips/Ruby using Guid(d2f05f28ed120c545a66488d479c45e2) Importer(815301076,1909f56bfc062723c751e8b465ee728b)  -> (artifact id: 'f0bb94a9ff9f02a87d320811689750ae') in 0.008989 seconds 
  Import took 0.013053 seconds .

========================================================================
Received Import Request.
  Time since last request: 0.075393 seconds.
  path: Assets/2Dpackage/Art/Animations/AnimationClips/Ruby/RubyWalkRight.anim
  artifactKey: Guid(83262e4a80513c84e8a5d891ca1e1918) Importer(815301076,1909f56bfc062723c751e8b465ee728b)
Start importing Assets/2Dpackage/Art/Animations/AnimationClips/Ruby/RubyWalkRight.anim using Guid(83262e4a80513c84e8a5d891ca1e1918) Importer(815301076,1909f56bfc062723c751e8b465ee728b)  -> (artifact id: '9853feb748a4fb3dd064a840016d5dc2') in 0.009755 seconds 
  Import took 0.014391 seconds .

========================================================================
Received Import Request.
  Time since last request: 0.209275 seconds.
  path: Assets/2Dpackage/Art/Animations/AnimationClips/Ruby/RubyWalkUp.anim
  artifactKey: Guid(d7f8474bf41a62c4a9b423e8b67c1253) Importer(815301076,1909f56bfc062723c751e8b465ee728b)
Start importing Assets/2Dpackage/Art/Animations/AnimationClips/Ruby/RubyWalkUp.anim using Guid(d7f8474bf41a62c4a9b423e8b67c1253) Importer(815301076,1909f56bfc062723c751e8b465ee728b)  -> (artifact id: '3f939f8d294ed0515e0fd0c46d8695cd') in 0.007315 seconds 
  Import took 0.011460 seconds .

========================================================================
Received Import Request.
  Time since last request: 0.076841 seconds.
  path: Assets/2Dpackage/Art/Animations/AnimationClips/Ruby/RubyWalkDown.anim
  artifactKey: Guid(c047a2758823a5d4aaf77c912b6e5d1a) Importer(815301076,1909f56bfc062723c751e8b465ee728b)
Start importing Assets/2Dpackage/Art/Animations/AnimationClips/Ruby/RubyWalkDown.anim using Guid(c047a2758823a5d4aaf77c912b6e5d1a) Importer(815301076,1909f56bfc062723c751e8b465ee728b)  -> (artifact id: '23df420db35c527bcb50b67f958ac882') in 0.005903 seconds 
  Import took 0.009548 seconds .

========================================================================
Received Import Request.
  Time since last request: 0.079205 seconds.
  path: Assets/2Dpackage/Art/Animations/AnimationClips/Ruby/RubyWalkLeft.anim
  artifactKey: Guid(92a29bee38e9a9b46af7911980e7f609) Importer(815301076,1909f56bfc062723c751e8b465ee728b)
Start importing Assets/2Dpackage/Art/Animations/AnimationClips/Ruby/RubyWalkLeft.anim using Guid(92a29bee38e9a9b46af7911980e7f609) Importer(815301076,1909f56bfc062723c751e8b465ee728b)  -> (artifact id: '5055c7f2cd05af1127e13f5a6bc3e7c7') in 0.009413 seconds 
  Import took 0.012508 seconds .

AssetImportWorkerClient::OnTransportError - code=2 error=End of file
